Using pre-set license
Built from '2021.3/staging' branch; Version is '2021.3.14f1 (eee1884e7226) revision 15655304'; Using compiler version '192829333'; Build Type 'Release'
OS: 'Windows 10  (10.0.19045) 64bit Professional' Language: 'en' Physical Memory: 16237 MB
BatchMode: 1, IsHumanControllingUs: 0, StartBugReporterOnCrash: 0, Is64bit: 1, IsPro: 1

COMMAND LINE ARGUMENTS:
D:\Program Files\Unity\2021.3.14f1\Editor\Unity.exe
-adb2
-batchMode
-noUpm
-name
AssetImportWorker0
-projectPath
D:/Project Files/IsipNayan
-logFile
Logs/AssetImportWorker0.log
-srvPort
55005
Successfully changed project path to: D:/Project Files/IsipNayan
D:/Project Files/IsipNayan
[UnityMemory] Configuration Parameters - Can be set up in boot.config
    "memorysetup-bucket-allocator-granularity=16"
    "memorysetup-bucket-allocator-bucket-count=8"
    "memorysetup-bucket-allocator-block-size=33554432"
    "memorysetup-bucket-allocator-block-count=8"
    "memorysetup-main-allocator-block-size=16777216"
    "memorysetup-thread-allocator-block-size=16777216"
    "memorysetup-gfx-main-allocator-block-size=16777216"
    "memorysetup-gfx-thread-allocator-block-size=16777216"
    "memorysetup-cache-allocator-block-size=4194304"
    "memorysetup-typetree-allocator-block-size=2097152"
    "memorysetup-profiler-bucket-allocator-granularity=16"
    "memorysetup-profiler-bucket-allocator-bucket-count=8"
    "memorysetup-profiler-bucket-allocator-block-size=33554432"
    "memorysetup-profiler-bucket-allocator-block-count=8"
    "memorysetup-profiler-allocator-block-size=16777216"
    "memorysetup-profiler-editor-allocator-block-size=1048576"
    "memorysetup-temp-allocator-size-main=16777216"
    "memorysetup-job-temp-allocator-block-size=2097152"
    "memorysetup-job-temp-allocator-block-size-background=1048576"
    "memorysetup-job-temp-allocator-reduction-small-platforms=262144"
    "memorysetup-temp-allocator-size-background-worker=32768"
    "memorysetup-temp-allocator-size-job-worker=262144"
    "memorysetup-temp-allocator-size-preload-manager=33554432"
    "memorysetup-temp-allocator-size-nav-mesh-worker=65536"
    "memorysetup-temp-allocator-size-audio-worker=65536"
    "memorysetup-temp-allocator-size-cloud-worker=32768"
    "memorysetup-temp-allocator-size-gi-baking-worker=262144"
    "memorysetup-temp-allocator-size-gfx=262144"
Refreshing native plugins compatible for Editor in 112.54 ms, found 3 plugins.
Preloading 0 native plugins for Editor in 0.00 ms.
Initialize engine version: 2021.3.14f1 (eee1884e7226)
[Subsystems] Discovering subsystems at path D:/Program Files/Unity/2021.3.14f1/Editor/Data/Resources/UnitySubsystems
[Subsystems] Discovering subsystems at path D:/Project Files/IsipNayan/Assets
GfxDevice: creating device client; threaded=0; jobified=0
Direct3D:
    Version:  Direct3D 11.0 [level 11.1]
    Renderer: NVIDIA GeForce GTX 1650 (ID=0x1f0a)
    Vendor:   NVIDIA
    VRAM:     3961 MB
    Driver:   31.0.15.1694
Initialize mono
Mono path[0] = 'D:/Program Files/Unity/2021.3.14f1/Editor/Data/Managed'
Mono path[1] = 'D:/Program Files/Unity/2021.3.14f1/Editor/Data/MonoBleedingEdge/lib/mono/unityjit-win32'
Mono config path = 'D:/Program Files/Unity/2021.3.14f1/Editor/Data/MonoBleedingEdge/etc'
Using monoOptions --debugger-agent=transport=dt_socket,embedding=1,server=y,suspend=n,address=127.0.0.1:56304
Begin MonoManager ReloadAssembly
Registering precompiled unity dll's ...
Register platform support module: D:/Program Files/Unity/2021.3.14f1/Editor/Data/PlaybackEngines/AndroidPlayer/UnityEditor.Android.Extensions.dll
Register platform support module: D:/Program Files/Unity/2021.3.14f1/Editor/Data/PlaybackEngines/iOSSupport/UnityEditor.iOS.Extensions.dll
Register platform support module: D:/Program Files/Unity/2021.3.14f1/Editor/Data/PlaybackEngines/WindowsStandaloneSupport/UnityEditor.WindowsStandalone.Extensions.dll
Register platform support module: D:/Program Files/Unity/2021.3.14f1/Editor/Data/PlaybackEngines/LinuxStandaloneSupport/UnityEditor.LinuxStandalone.Extensions.dll
Register platform support module: D:/Program Files/Unity/2021.3.14f1/Editor/Data/PlaybackEngines/MetroSupport/UnityEditor.UWP.Extensions.dll
Registered in 0.004356 seconds.
Native extension for UWP target not found
Native extension for LinuxStandalone target not found
Native extension for WindowsStandalone target not found
[usbmuxd] Start listen thread
[usbmuxd] Listen thread started
Native extension for iOS target not found
Native extension for Android target not found
Refreshing native plugins compatible for Editor in 122.43 ms, found 3 plugins.
Preloading 0 native plugins for Editor in 0.00 ms.
Mono: successfully reloaded assembly
- Completed reload, in  0.693 seconds
Domain Reload Profiling:
	ReloadAssembly (694ms)
		BeginReloadAssembly (67ms)
			ExecutionOrderSort (0ms)
			DisableScriptedObjects (0ms)
			BackupInstance (0ms)
			ReleaseScriptingObjects (0ms)
			CreateAndSetChildDomain (1ms)
		EndReloadAssembly (531ms)
			LoadAssemblies (68ms)
			RebuildTransferFunctionScriptingTraits (0ms)
			SetupTypeCache (112ms)
			ReleaseScriptCaches (0ms)
			RebuildScriptCaches (31ms)
			SetupLoadedEditorAssemblies (339ms)
				LogAssemblyErrors (0ms)
				InitializePlatformSupportModulesInManaged (69ms)
				SetLoadedEditorAssemblies (0ms)
				RefreshPlugins (123ms)
				BeforeProcessingInitializeOnLoad (2ms)
				ProcessInitializeOnLoadAttributes (98ms)
				ProcessInitializeOnLoadMethodAttributes (47ms)
				AfterProcessingInitializeOnLoad (0ms)
				EditorAssembliesLoaded (0ms)
			ExecutionOrderSort2 (0ms)
			AwakeInstancesAfterBackupRestoration (0ms)
Platform modules already initialized, skipping
Registering precompiled user dll's ...
Registered in 0.009858 seconds.
Begin MonoManager ReloadAssembly
Symbol file LoadedFromMemory doesn't match image D:\Project Files\IsipNayan\Library\PackageCache\com.unity.visualscripting@1.7.8\Editor\VisualScripting.Core\Dependencies\YamlDotNet\Unity.VisualScripting.YamlDotNet.dll
Symbol file LoadedFromMemory doesn't match image D:\Project Files\IsipNayan\Library\PackageCache\com.unity.visualscripting@1.7.8\Editor\VisualScripting.Core\Dependencies\DotNetZip\Unity.VisualScripting.IonicZip.dll
Native extension for UWP target not found
Native extension for LinuxStandalone target not found
Native extension for WindowsStandalone target not found
Native extension for iOS target not found
Native extension for Android target not found
Refreshing native plugins compatible for Editor in 118.33 ms, found 3 plugins.
Preloading 0 native plugins for Editor in 0.00 ms.
Mono: successfully reloaded assembly
- Completed reload, in  1.909 seconds
Domain Reload Profiling:
	ReloadAssembly (1910ms)
		BeginReloadAssembly (245ms)
			ExecutionOrderSort (0ms)
			DisableScriptedObjects (6ms)
			BackupInstance (0ms)
			ReleaseScriptingObjects (0ms)
			CreateAndSetChildDomain (147ms)
		EndReloadAssembly (1563ms)
			LoadAssemblies (95ms)
			RebuildTransferFunctionScriptingTraits (0ms)
			SetupTypeCache (357ms)
			ReleaseScriptCaches (1ms)
			RebuildScriptCaches (85ms)
			SetupLoadedEditorAssemblies (932ms)
				LogAssemblyErrors (0ms)
				InitializePlatformSupportModulesInManaged (31ms)
				SetLoadedEditorAssemblies (0ms)
				RefreshPlugins (118ms)
				BeforeProcessingInitializeOnLoad (125ms)
				ProcessInitializeOnLoadAttributes (569ms)
				ProcessInitializeOnLoadMethodAttributes (86ms)
				AfterProcessingInitializeOnLoad (3ms)
				EditorAssembliesLoaded (0ms)
			ExecutionOrderSort2 (0ms)
			AwakeInstancesAfterBackupRestoration (6ms)
Platform modules already initialized, skipping
========================================================================
Worker process is ready to serve import requests
Launched and connected shader compiler UnityShaderCompiler.exe after 0.05 seconds
Refreshing native plugins compatible for Editor in 1.50 ms, found 3 plugins.
Preloading 0 native plugins for Editor in 0.00 ms.
Unloading 5410 Unused Serialized files (Serialized files now loaded: 0)
Unloading 54 unused Assets / (0.8 MB). Loaded Objects now: 5861.
Memory consumption went from 218.1 MB to 217.3 MB.
Total: 4.349200 ms (FindLiveObjects: 0.457700 ms CreateObjectMapping: 0.409900 ms MarkObjects: 3.073000 ms  DeleteObjects: 0.407300 ms)

AssetImportParameters requested are different than current active one (requested -> active):
  custom:video-decoder-ogg-theora: a1e56fd34408186e4bbccfd4996cb3dc -> 
  custom:container-muxer-webm: aa71ff27fc2769a1b78a27578f13a17b -> 
  custom:container-demuxer-webm: 4f35f7cbe854078d1ac9338744f61a02 -> 
  custom:video-encoder-webm-vp8: eb34c28f22e8b96e1ab97ce403110664 -> 
  custom:audio-encoder-webm-vorbis: bf7c407c2cedff20999df2af8eb42d56 -> 
  custom:framework-win-MediaFoundation: 216162199b28c13a410421893ffa2e32 -> 
  custom:container-demuxer-ogg: 62fdf1f143b41e24485cea50d1cbac27 -> 
  custom:video-decoder-webm-vp8: 9c59270c3fd7afecdb556c50c9e8de78 -> 
  custom:audio-decoder-ogg-vorbis: bf7c407c2cedff20999df2af8eb42d56 -> 
========================================================================
Received Import Request.
  Time since last request: 9275.034961 seconds.
  path: Assets/001 - IsipNayan/002 - Sprites/002 - Combat/000 - Backgrounds/Game-Battle-Backgrounds6.jpg
  artifactKey: Guid(cb88c955886e0da40bc4188a5db0a8f0) Importer(815301076,1909f56bfc062723c751e8b465ee728b)
Start importing Assets/001 - IsipNayan/002 - Sprites/002 - Combat/000 - Backgrounds/Game-Battle-Backgrounds6.jpg using Guid(cb88c955886e0da40bc4188a5db0a8f0) Importer(815301076,1909f56bfc062723c751e8b465ee728b)  -> (artifact id: 'c34b4639a8b760bd7ace6ef52456cd79') in 0.218261 seconds 
========================================================================
Received Import Request.
  Time since last request: 964.743804 seconds.
  path: Assets/001 - IsipNayan/002 - Sprites/002 - Combat/004 - New Player/attack-evol-0.png
  artifactKey: Guid(421928bf14621ca46887fde9f5ba85df) Importer(815301076,1909f56bfc062723c751e8b465ee728b)
Start importing Assets/001 - IsipNayan/002 - Sprites/002 - Combat/004 - New Player/attack-evol-0.png using Guid(421928bf14621ca46887fde9f5ba85df) Importer(815301076,1909f56bfc062723c751e8b465ee728b)  -> (artifact id: '1a5a24cb70ea21c433b35f6c37d7a966') in 0.116223 seconds 
========================================================================
Received Import Request.
  Time since last request: 0.000060 seconds.
  path: Assets/001 - IsipNayan/002 - Sprites/002 - Combat/004 - New Player/idle - EVOL -0.png
  artifactKey: Guid(4d205358a0134534e8cf6b81c9cc463e) Importer(815301076,1909f56bfc062723c751e8b465ee728b)
Start importing Assets/001 - IsipNayan/002 - Sprites/002 - Combat/004 - New Player/idle - EVOL -0.png using Guid(4d205358a0134534e8cf6b81c9cc463e) Importer(815301076,1909f56bfc062723c751e8b465ee728b)  -> (artifact id: '2814dff2059b4d22178153e2715e1db5') in 0.083300 seconds 
========================================================================
Received Import Request.
  Time since last request: 6823.696125 seconds.
  path: Assets/001 - IsipNayan/002 - Sprites/002 - Combat/005 - New Enemy
  artifactKey: Guid(9bb519cf16d06a044ac86165233eff30) Importer(815301076,1909f56bfc062723c751e8b465ee728b)
Start importing Assets/001 - IsipNayan/002 - Sprites/002 - Combat/005 - New Enemy using Guid(9bb519cf16d06a044ac86165233eff30) Importer(815301076,1909f56bfc062723c751e8b465ee728b)  -> (artifact id: 'aa746d815ca07ede50b030f2b2821104') in 0.008063 seconds 
========================================================================
Received Import Request.
  Time since last request: 9.159323 seconds.
  path: Assets/001 - IsipNayan/002 - Sprites/002 - Combat/005 - New Enemy/attack - euclid -1 (1).png
  artifactKey: Guid(b2d8c3112758d1d408c8de0a8de68a18) Importer(815301076,1909f56bfc062723c751e8b465ee728b)
Start importing Assets/001 - IsipNayan/002 - Sprites/002 - Combat/005 - New Enemy/attack - euclid -1 (1).png using Guid(b2d8c3112758d1d408c8de0a8de68a18) Importer(815301076,1909f56bfc062723c751e8b465ee728b)  -> (artifact id: '92f99d458825322ea1b8cbbf9db4f242') in 0.114961 seconds 
========================================================================
Received Import Request.
  Time since last request: 0.000023 seconds.
  path: Assets/001 - IsipNayan/002 - Sprites/002 - Combat/005 - New Enemy/idle - euclid -1.png
  artifactKey: Guid(579fd919c51f9e345ba26c5cb492ac43) Importer(815301076,1909f56bfc062723c751e8b465ee728b)
Start importing Assets/001 - IsipNayan/002 - Sprites/002 - Combat/005 - New Enemy/idle - euclid -1.png using Guid(579fd919c51f9e345ba26c5cb492ac43) Importer(815301076,1909f56bfc062723c751e8b465ee728b)  -> (artifact id: '5e0159e9fb9e4ddeeec3a76a844eec7c') in 0.075354 seconds 
